<?xml version="1.0" encoding="UTF-8"?>
<testng-results ignored="0" total="1" passed="1" failed="0" skipped="0">
  <reporter-output>
  </reporter-output>
  <suite started-at="2024-02-18T01:38:51 IST" name="Default suite" finished-at="2024-02-18T01:38:52 IST" duration-ms="1572">
    <groups>
    </groups>
    <test started-at="2024-02-18T01:38:51 IST" name="Default test" finished-at="2024-02-18T01:38:52 IST" duration-ms="1572">
      <class name="crudOperations.DeleteUser">
        <test-method signature="DelUser()[pri:0, instance:crudOperations.DeleteUser@865dd6]" started-at="2024-02-18T01:38:51 IST" name="DelUser" finished-at="2024-02-18T01:38:52 IST" duration-ms="1539" status="PASS">
          <reporter-output>
          </reporter-output>
        </test-method> <!-- DelUser -->
      </class> <!-- crudOperations.DeleteUser -->
    </test> <!-- Default test -->
  </suite> <!-- Default suite -->
</testng-results>
